#-----------------------------------------------------------
# Vivado v2020.1 (64-bit)
# SW Build 2902540 on Wed May 27 19:54:49 MDT 2020
# IP Build 2902112 on Wed May 27 22:43:36 MDT 2020
# Start of session at: Thu Nov 25 15:43:33 2021
# Process ID: 8856
# Current directory: J:/비둘기/1118
# Command line: vivado.exe -gui_launcher_event rodinguilauncherevent6056 J:\비둘기\1118\1118.xpr
# Log file: J:/비둘기/1118/vivado.log
# Journal file: J:/비둘기/1118\vivado.jou
#-----------------------------------------------------------
start_gui
open_project J:/비둘기/1118/1118.xpr
INFO: [Project 1-313] Project file moved from 'C:/Users/D-105/1118' since last save.
Scanning sources...
Finished scanning sources
INFO: [IP_Flow 19-234] Refreshing IP repositories
INFO: [IP_Flow 19-1704] No user IP repositories specified
INFO: [IP_Flow 19-2313] Loaded Vivado IP repository 'C:/Xilinx/Vivado/2020.1/data/ip'.
open_project: Time (s): cpu = 00:00:12 ; elapsed = 00:00:06 . Memory (MB): peak = 1027.414 ; gain = 0.000
update_compile_order -fileset sources_1
close_project
open_project J:/비둘기/1111_BCDadd/1111_BCDadd.xpr
INFO: [Project 1-313] Project file moved from 'C:/Users/D-105/1111_BCDadd' since last save.
Scanning sources...
Finished scanning sources
INFO: [IP_Flow 19-234] Refreshing IP repositories
INFO: [IP_Flow 19-1704] No user IP repositories specified
INFO: [IP_Flow 19-2313] Loaded Vivado IP repository 'C:/Xilinx/Vivado/2020.1/data/ip'.
update_compile_order -fileset sources_1
exit
INFO: [Common 17-206] Exiting Vivado at Thu Nov 25 16:13:09 2021...
