#-----------------------------------------------------------
# Vivado v2020.1 (64-bit)
# SW Build 2902540 on Wed May 27 19:54:49 MDT 2020
# IP Build 2902112 on Wed May 27 22:43:36 MDT 2020
# Start of session at: Thu Oct 28 15:42:56 2021
# Process ID: 5912
# Current directory: J:/비둘기/1007_1bit
# Command line: vivado.exe -gui_launcher_event rodinguilauncherevent7228 J:\비둘기\1007_1bit\1007_1bit.xpr
# Log file: J:/비둘기/1007_1bit/vivado.log
# Journal file: J:/비둘기/1007_1bit\vivado.jou
#-----------------------------------------------------------
start_gui
open_project J:/비둘기/1007_1bit/1007_1bit.xpr
INFO: [Project 1-313] Project file moved from 'C:/Users/i/1007_1bit' since last save.
Scanning sources...
Finished scanning sources
INFO: [Project 1-230] Project '1007_1bit.xpr' upgraded for this version of Vivado.
INFO: [IP_Flow 19-234] Refreshing IP repositories
INFO: [IP_Flow 19-1704] No user IP repositories specified
INFO: [IP_Flow 19-2313] Loaded Vivado IP repository 'C:/Xilinx/Vivado/2020.1/data/ip'.
open_project: Time (s): cpu = 00:00:12 ; elapsed = 00:00:06 . Memory (MB): peak = 1027.906 ; gain = 0.000
update_compile_order -fileset sources_1
exit
INFO: [Common 17-206] Exiting Vivado at Thu Oct 28 16:06:15 2021...
