#-----------------------------------------------------------
# Vivado v2020.1 (64-bit)
# SW Build 2902540 on Wed May 27 19:54:49 MDT 2020
# IP Build 2902112 on Wed May 27 22:43:36 MDT 2020
# Start of session at: Thu Nov 11 16:00:15 2021
# Process ID: 6664
# Current directory: J:/비둘기/1014_fulladder
# Command line: vivado.exe -gui_launcher_event rodinguilauncherevent10516 J:\비둘기\1014_fulladder\1014_fulladder.xpr
# Log file: J:/비둘기/1014_fulladder/vivado.log
# Journal file: J:/비둘기/1014_fulladder\vivado.jou
#-----------------------------------------------------------
start_gui
open_project J:/비둘기/1014_fulladder/1014_fulladder.xpr
Scanning sources...
Finished scanning sources
INFO: [IP_Flow 19-234] Refreshing IP repositories
INFO: [IP_Flow 19-1704] No user IP repositories specified
INFO: [IP_Flow 19-2313] Loaded Vivado IP repository 'C:/Xilinx/Vivado/2020.1/data/ip'.
update_compile_order -fileset sources_1
exit
INFO: [Common 17-206] Exiting Vivado at Thu Nov 11 16:13:08 2021...
