#-----------------------------------------------------------
# Vivado v2020.1 (64-bit)
# SW Build 2902540 on Wed May 27 19:54:49 MDT 2020
# IP Build 2902112 on Wed May 27 22:43:36 MDT 2020
# Start of session at: Thu Nov  4 15:41:42 2021
# Process ID: 9200
# Current directory: J:/비둘기/1028_2bit
# Command line: vivado.exe -gui_launcher_event rodinguilauncherevent2764 J:\비둘기\1028_2bit\1028_2bit.xpr
# Log file: J:/비둘기/1028_2bit/vivado.log
# Journal file: J:/비둘기/1028_2bit\vivado.jou
#-----------------------------------------------------------
start_gui
open_project J:/비둘기/1028_2bit/1028_2bit.xpr
INFO: [Project 1-313] Project file moved from 'C:/Users/D-105/tuesday/1028_2bit' since last save.
Scanning sources...
Finished scanning sources
INFO: [IP_Flow 19-234] Refreshing IP repositories
INFO: [IP_Flow 19-1704] No user IP repositories specified
INFO: [IP_Flow 19-2313] Loaded Vivado IP repository 'C:/Xilinx/Vivado/2020.1/data/ip'.
open_project: Time (s): cpu = 00:00:12 ; elapsed = 00:00:06 . Memory (MB): peak = 1025.145 ; gain = 0.000
update_compile_order -fileset sources_1
exit
INFO: [Common 17-206] Exiting Vivado at Thu Nov  4 15:50:10 2021...
